<?xml version="1.0" encoding="UTF-8"?>
<!-- Generated by org.testng.reporters.JUnitReportReporter -->
<testsuite skipped="0" hostname="Lenovo" name="org.apibase.Test" tests="5" failures="0" timestamp="15 May 2022 06:54:48 GMT" time="26.387" errors="0">
  <testcase name="login" time="20.163" classname="org.apibase.Test"/>
  <testcase name="AddAddress" time="1.524" classname="org.apibase.Test"/>
  <testcase name="UpdateAddress" time="1.843" classname="org.apibase.Test"/>
  <testcase name="getaddress" time="1.984" classname="org.apibase.Test"/>
  <testcase name="DeleteAddress" time="0.873" classname="org.apibase.Test"/>
</testsuite> <!-- org.apibase.Test -->
